have_struct_member: checking for rb_method_entry_t.called_id in method.h... -------------------- no

"gcc -o conftest -I/home/vagrant/.rbenv/versions/2.1.1/include/ruby-2.1.0/i686-linux -I/home/vagrant/.rbenv/versions/2.1.1/include/ruby-2.1.0/ruby/backward -I/home/vagrant/.rbenv/versions/2.1.1/include/ruby-2.1.0 -I. -I/home/vagrant/.rbenv/versions/2.1.1/include/ruby-2.1.1/ruby-2.1.1 -I/home/vagrant/.rbenv/versions/2.1.1/include  -D_FILE_OFFSET_BITS=64  -O3 -march=native  conftest.c  -L. -L/home/vagrant/.rbenv/versions/2.1.1/lib -Wl,-R/home/vagrant/.rbenv/versions/2.1.1/lib -L. -L/home/vagrant/.rbenv/versions/2.1.1/lib  -fstack-protector -rdynamic -Wl,-export-dynamic     -Wl,-R -Wl,/home/vagrant/.rbenv/versions/2.1.1/lib -L/home/vagrant/.rbenv/versions/2.1.1/lib -lruby-static  -lpthread -lrt -ldl -lcrypt -lm   -lc"
checked program was:
/* begin */
1: #include "ruby.h"
2: 
3: int main(int argc, char **argv)
4: {
5:   return 0;
6: }
/* end */

"gcc -I/home/vagrant/.rbenv/versions/2.1.1/include/ruby-2.1.0/i686-linux -I/home/vagrant/.rbenv/versions/2.1.1/include/ruby-2.1.0/ruby/backward -I/home/vagrant/.rbenv/versions/2.1.1/include/ruby-2.1.0 -I. -I/home/vagrant/.rbenv/versions/2.1.1/include/ruby-2.1.1/ruby-2.1.1 -I/home/vagrant/.rbenv/versions/2.1.1/include  -D_FILE_OFFSET_BITS=64  -O3 -march=native    -c conftest.c"
conftest.c:3:20: fatal error: method.h: No such file or directory
compilation terminated.
checked program was:
/* begin */
 1: #include "ruby.h"
 2: 
 3: #include <method.h>
 4: 
 5: /*top*/
 6: int s = (char *)&((rb_method_entry_t*)0)->called_id - (char *)0;
 7: int main(int argc, char **argv)
 8: {
 9:   return 0;
10: }
/* end */

--------------------

have_struct_member: checking for rb_control_frame_t.method_id in method.h... -------------------- no

"gcc -I/home/vagrant/.rbenv/versions/2.1.1/include/ruby-2.1.0/i686-linux -I/home/vagrant/.rbenv/versions/2.1.1/include/ruby-2.1.0/ruby/backward -I/home/vagrant/.rbenv/versions/2.1.1/include/ruby-2.1.0 -I. -I/home/vagrant/.rbenv/versions/2.1.1/include/ruby-2.1.1/ruby-2.1.1 -I/home/vagrant/.rbenv/versions/2.1.1/include  -D_FILE_OFFSET_BITS=64  -O3 -march=native    -c conftest.c"
conftest.c:3:20: fatal error: method.h: No such file or directory
compilation terminated.
checked program was:
/* begin */
 1: #include "ruby.h"
 2: 
 3: #include <method.h>
 4: 
 5: /*top*/
 6: int s = (char *)&((rb_control_frame_t*)0)->method_id - (char *)0;
 7: int main(int argc, char **argv)
 8: {
 9:   return 0;
10: }
/* end */

--------------------

have_struct_member: checking for rb_method_entry_t.called_id in method.h... -------------------- no

"gcc -I/home/vagrant/.rbenv/versions/2.1.1/include/ruby-2.1.0/i686-linux -I/home/vagrant/.rbenv/versions/2.1.1/include/ruby-2.1.0/ruby/backward -I/home/vagrant/.rbenv/versions/2.1.1/include/ruby-2.1.0 -I. -I/home/vagrant/.rbenv/versions/2.1.1/include/ruby-2.1.0/ruby-2.1.1-p76 -O3 -march=native    -c conftest.c"
conftest.c:3:20: fatal error: method.h: No such file or directory
compilation terminated.
checked program was:
/* begin */
 1: #include "ruby.h"
 2: 
 3: #include <method.h>
 4: 
 5: /*top*/
 6: int s = (char *)&((rb_method_entry_t*)0)->called_id - (char *)0;
 7: int main(int argc, char **argv)
 8: {
 9:   return 0;
10: }
/* end */

--------------------

have_struct_member: checking for rb_control_frame_t.method_id in method.h... -------------------- no

"gcc -I/home/vagrant/.rbenv/versions/2.1.1/include/ruby-2.1.0/i686-linux -I/home/vagrant/.rbenv/versions/2.1.1/include/ruby-2.1.0/ruby/backward -I/home/vagrant/.rbenv/versions/2.1.1/include/ruby-2.1.0 -I. -I/home/vagrant/.rbenv/versions/2.1.1/include/ruby-2.1.0/ruby-2.1.1-p76 -O3 -march=native    -c conftest.c"
conftest.c:3:20: fatal error: method.h: No such file or directory
compilation terminated.
checked program was:
/* begin */
 1: #include "ruby.h"
 2: 
 3: #include <method.h>
 4: 
 5: /*top*/
 6: int s = (char *)&((rb_control_frame_t*)0)->method_id - (char *)0;
 7: int main(int argc, char **argv)
 8: {
 9:   return 0;
10: }
/* end */

--------------------

have_struct_member: checking for rb_method_entry_t.called_id in method.h... -------------------- yes

"gcc -I/home/vagrant/.rbenv/versions/2.1.1/include/ruby-2.1.0/i686-linux -I/home/vagrant/.rbenv/versions/2.1.1/include/ruby-2.1.0/ruby/backward -I/home/vagrant/.rbenv/versions/2.1.1/include/ruby-2.1.0 -I. -I/vagrant/algorithms/array_utils/vendor/bundle/gems/debugger-ruby_core_source-1.3.2/lib/debugger/ruby_core_source/ruby-2.1.1-p76 -O3 -march=native    -c conftest.c"
checked program was:
/* begin */
 1: #include "ruby.h"
 2: 
 3: #include <method.h>
 4: 
 5: /*top*/
 6: int s = (char *)&((rb_method_entry_t*)0)->called_id - (char *)0;
 7: int main(int argc, char **argv)
 8: {
 9:   return 0;
10: }
/* end */

--------------------

have_header: checking for vm_core.h... -------------------- yes

"gcc -E -I/home/vagrant/.rbenv/versions/2.1.1/include/ruby-2.1.0/i686-linux -I/home/vagrant/.rbenv/versions/2.1.1/include/ruby-2.1.0/ruby/backward -I/home/vagrant/.rbenv/versions/2.1.1/include/ruby-2.1.0 -I. -I/vagrant/algorithms/array_utils/vendor/bundle/gems/debugger-ruby_core_source-1.3.2/lib/debugger/ruby_core_source/ruby-2.1.1-p76 -O3 -march=native   conftest.c -o conftest.i"
checked program was:
/* begin */
1: #include "ruby.h"
2: 
3: #include <vm_core.h>
/* end */

--------------------

have_header: checking for iseq.h... -------------------- yes

"gcc -E -I/home/vagrant/.rbenv/versions/2.1.1/include/ruby-2.1.0/i686-linux -I/home/vagrant/.rbenv/versions/2.1.1/include/ruby-2.1.0/ruby/backward -I/home/vagrant/.rbenv/versions/2.1.1/include/ruby-2.1.0 -I. -I/vagrant/algorithms/array_utils/vendor/bundle/gems/debugger-ruby_core_source-1.3.2/lib/debugger/ruby_core_source/ruby-2.1.1-p76 -O3 -march=native   conftest.c -o conftest.i"
checked program was:
/* begin */
1: #include "ruby.h"
2: 
3: #include <iseq.h>
/* end */

--------------------

have_header: checking for insns.inc... -------------------- yes

"gcc -E -I/home/vagrant/.rbenv/versions/2.1.1/include/ruby-2.1.0/i686-linux -I/home/vagrant/.rbenv/versions/2.1.1/include/ruby-2.1.0/ruby/backward -I/home/vagrant/.rbenv/versions/2.1.1/include/ruby-2.1.0 -I. -I/vagrant/algorithms/array_utils/vendor/bundle/gems/debugger-ruby_core_source-1.3.2/lib/debugger/ruby_core_source/ruby-2.1.1-p76 -O3 -march=native   conftest.c -o conftest.i"
checked program was:
/* begin */
1: #include "ruby.h"
2: 
3: #include <insns.inc>
/* end */

--------------------

have_header: checking for insns_info.inc... -------------------- yes

"gcc -E -I/home/vagrant/.rbenv/versions/2.1.1/include/ruby-2.1.0/i686-linux -I/home/vagrant/.rbenv/versions/2.1.1/include/ruby-2.1.0/ruby/backward -I/home/vagrant/.rbenv/versions/2.1.1/include/ruby-2.1.0 -I. -I/vagrant/algorithms/array_utils/vendor/bundle/gems/debugger-ruby_core_source-1.3.2/lib/debugger/ruby_core_source/ruby-2.1.1-p76 -O3 -march=native   conftest.c -o conftest.i"
checked program was:
/* begin */
1: #include "ruby.h"
2: 
3: #include <insns_info.inc>
/* end */

--------------------

have_header: checking for eval_intern.h... -------------------- yes

"gcc -E -I/home/vagrant/.rbenv/versions/2.1.1/include/ruby-2.1.0/i686-linux -I/home/vagrant/.rbenv/versions/2.1.1/include/ruby-2.1.0/ruby/backward -I/home/vagrant/.rbenv/versions/2.1.1/include/ruby-2.1.0 -I. -I/vagrant/algorithms/array_utils/vendor/bundle/gems/debugger-ruby_core_source-1.3.2/lib/debugger/ruby_core_source/ruby-2.1.1-p76 -O3 -march=native   conftest.c -o conftest.i"
checked program was:
/* begin */
1: #include "ruby.h"
2: 
3: #include <eval_intern.h>
/* end */

--------------------

have_type: checking for struct iseq_line_info_entry in vm_core.h,iseq.h... -------------------- yes

"gcc -I/home/vagrant/.rbenv/versions/2.1.1/include/ruby-2.1.0/i686-linux -I/home/vagrant/.rbenv/versions/2.1.1/include/ruby-2.1.0/ruby/backward -I/home/vagrant/.rbenv/versions/2.1.1/include/ruby-2.1.0 -I. -I/vagrant/algorithms/array_utils/vendor/bundle/gems/debugger-ruby_core_source-1.3.2/lib/debugger/ruby_core_source/ruby-2.1.1-p76 -O3 -march=native    -c conftest.c"
checked program was:
/* begin */
1: #include "ruby.h"
2: 
3: #include <vm_core.h>
4: #include <iseq.h>
5: 
6: /*top*/
7: typedef struct iseq_line_info_entry conftest_type;
8: int conftestval[sizeof(conftest_type)?1:-1];
/* end */

--------------------

block in <main>: checking for if rb_iseq_compile_with_option was added an argument filepath... -------------------- yes

"gcc -I/home/vagrant/.rbenv/versions/2.1.1/include/ruby-2.1.0/i686-linux -I/home/vagrant/.rbenv/versions/2.1.1/include/ruby-2.1.0/ruby/backward -I/home/vagrant/.rbenv/versions/2.1.1/include/ruby-2.1.0 -I. -I/vagrant/algorithms/array_utils/vendor/bundle/gems/debugger-ruby_core_source-1.3.2/lib/debugger/ruby_core_source/ruby-2.1.1-p76 -O3 -march=native    -c conftest.c"
checked program was:
/* begin */
1: #include "ruby.h"
2: 
3: #include <ruby.h>
4: #include "vm_core.h"
5: extern VALUE rb_iseq_new_main(NODE *node, VALUE filename, VALUE filepath);
/* end */

--------------------

